[2019-12-14 05:14:40,284] {scheduler_job.py:153} INFO - Started process (PID=22139) to work on /home/brow1998/projects/aifest2019/workshop_airflow/dags/bash_example.py
[2019-12-14 05:14:40,285] {scheduler_job.py:1528} INFO - Processing file /home/brow1998/projects/aifest2019/workshop_airflow/dags/bash_example.py for tasks to queue
[2019-12-14 05:14:40,285] {logging_mixin.py:112} INFO - [2019-12-14 05:14:40,285] {dagbag.py:92} INFO - Filling up the DagBag from /home/brow1998/projects/aifest2019/workshop_airflow/dags/bash_example.py
[2019-12-14 05:14:40,287] {logging_mixin.py:112} WARNING - /home/brow1998/miniconda3/envs/airflow_aifest2019/lib/python3.7/site-packages/airflow/operators/bash_operator.py:70: PendingDeprecationWarning: Invalid arguments were passed to BashOperator (task_id: get_joke). Support for passing such arguments will be dropped in Airflow 2.0. Invalid arguments were:
*args: ()
**kwargs: {'provide_context': True}
  super(BashOperator, self).__init__(*args, **kwargs)
[2019-12-14 05:14:40,289] {scheduler_job.py:1540} INFO - DAG(s) dict_keys(['bash_example_aifest']) retrieved from /home/brow1998/projects/aifest2019/workshop_airflow/dags/bash_example.py
[2019-12-14 05:14:40,293] {logging_mixin.py:112} INFO - [2019-12-14 05:14:40,293] {dag.py:1369} INFO - Creating ORM DAG for bash_example_aifest
[2019-12-14 05:14:40,513] {scheduler_job.py:161} INFO - Processing /home/brow1998/projects/aifest2019/workshop_airflow/dags/bash_example.py took 0.229 seconds
[2019-12-14 05:15:24,353] {scheduler_job.py:153} INFO - Started process (PID=22634) to work on /home/brow1998/projects/aifest2019/workshop_airflow/dags/bash_example.py
[2019-12-14 05:15:24,360] {scheduler_job.py:1528} INFO - Processing file /home/brow1998/projects/aifest2019/workshop_airflow/dags/bash_example.py for tasks to queue
[2019-12-14 05:15:24,361] {logging_mixin.py:112} INFO - [2019-12-14 05:15:24,361] {dagbag.py:92} INFO - Filling up the DagBag from /home/brow1998/projects/aifest2019/workshop_airflow/dags/bash_example.py
[2019-12-14 05:15:24,368] {logging_mixin.py:112} WARNING - /home/brow1998/miniconda3/envs/airflow_aifest2019/lib/python3.7/site-packages/airflow/operators/bash_operator.py:70: PendingDeprecationWarning: Invalid arguments were passed to BashOperator (task_id: get_joke). Support for passing such arguments will be dropped in Airflow 2.0. Invalid arguments were:
*args: ()
**kwargs: {'provide_context': True}
  super(BashOperator, self).__init__(*args, **kwargs)
[2019-12-14 05:15:24,371] {scheduler_job.py:1540} INFO - DAG(s) dict_keys(['bash_example_aifest']) retrieved from /home/brow1998/projects/aifest2019/workshop_airflow/dags/bash_example.py
[2019-12-14 05:15:24,629] {scheduler_job.py:161} INFO - Processing /home/brow1998/projects/aifest2019/workshop_airflow/dags/bash_example.py took 0.275 seconds
[2019-12-14 05:16:08,732] {scheduler_job.py:153} INFO - Started process (PID=23086) to work on /home/brow1998/projects/aifest2019/workshop_airflow/dags/bash_example.py
[2019-12-14 05:16:08,734] {scheduler_job.py:1528} INFO - Processing file /home/brow1998/projects/aifest2019/workshop_airflow/dags/bash_example.py for tasks to queue
[2019-12-14 05:16:08,734] {logging_mixin.py:112} INFO - [2019-12-14 05:16:08,734] {dagbag.py:92} INFO - Filling up the DagBag from /home/brow1998/projects/aifest2019/workshop_airflow/dags/bash_example.py
[2019-12-14 05:16:08,737] {logging_mixin.py:112} WARNING - /home/brow1998/miniconda3/envs/airflow_aifest2019/lib/python3.7/site-packages/airflow/operators/bash_operator.py:70: PendingDeprecationWarning: Invalid arguments were passed to BashOperator (task_id: get_joke). Support for passing such arguments will be dropped in Airflow 2.0. Invalid arguments were:
*args: ()
**kwargs: {'provide_context': True}
  super(BashOperator, self).__init__(*args, **kwargs)
[2019-12-14 05:16:08,739] {scheduler_job.py:1540} INFO - DAG(s) dict_keys(['bash_example_aifest']) retrieved from /home/brow1998/projects/aifest2019/workshop_airflow/dags/bash_example.py
[2019-12-14 05:16:08,914] {scheduler_job.py:161} INFO - Processing /home/brow1998/projects/aifest2019/workshop_airflow/dags/bash_example.py took 0.182 seconds
[2019-12-14 05:16:52,446] {scheduler_job.py:153} INFO - Started process (PID=23569) to work on /home/brow1998/projects/aifest2019/workshop_airflow/dags/bash_example.py
[2019-12-14 05:16:52,453] {scheduler_job.py:1528} INFO - Processing file /home/brow1998/projects/aifest2019/workshop_airflow/dags/bash_example.py for tasks to queue
[2019-12-14 05:16:52,454] {logging_mixin.py:112} INFO - [2019-12-14 05:16:52,454] {dagbag.py:92} INFO - Filling up the DagBag from /home/brow1998/projects/aifest2019/workshop_airflow/dags/bash_example.py
[2019-12-14 05:16:52,462] {logging_mixin.py:112} WARNING - /home/brow1998/miniconda3/envs/airflow_aifest2019/lib/python3.7/site-packages/airflow/operators/bash_operator.py:70: PendingDeprecationWarning: Invalid arguments were passed to BashOperator (task_id: get_joke). Support for passing such arguments will be dropped in Airflow 2.0. Invalid arguments were:
*args: ()
**kwargs: {'provide_context': True}
  super(BashOperator, self).__init__(*args, **kwargs)
[2019-12-14 05:16:52,465] {scheduler_job.py:1540} INFO - DAG(s) dict_keys(['bash_example_aifest']) retrieved from /home/brow1998/projects/aifest2019/workshop_airflow/dags/bash_example.py
[2019-12-14 05:16:52,611] {scheduler_job.py:161} INFO - Processing /home/brow1998/projects/aifest2019/workshop_airflow/dags/bash_example.py took 0.165 seconds
[2019-12-14 05:17:36,493] {scheduler_job.py:153} INFO - Started process (PID=24288) to work on /home/brow1998/projects/aifest2019/workshop_airflow/dags/bash_example.py
[2019-12-14 05:17:36,499] {scheduler_job.py:1528} INFO - Processing file /home/brow1998/projects/aifest2019/workshop_airflow/dags/bash_example.py for tasks to queue
[2019-12-14 05:17:36,500] {logging_mixin.py:112} INFO - [2019-12-14 05:17:36,500] {dagbag.py:92} INFO - Filling up the DagBag from /home/brow1998/projects/aifest2019/workshop_airflow/dags/bash_example.py
[2019-12-14 05:17:36,510] {logging_mixin.py:112} WARNING - /home/brow1998/miniconda3/envs/airflow_aifest2019/lib/python3.7/site-packages/airflow/operators/bash_operator.py:70: PendingDeprecationWarning: Invalid arguments were passed to BashOperator (task_id: get_joke). Support for passing such arguments will be dropped in Airflow 2.0. Invalid arguments were:
*args: ()
**kwargs: {'provide_context': True}
  super(BashOperator, self).__init__(*args, **kwargs)
[2019-12-14 05:17:36,514] {scheduler_job.py:1540} INFO - DAG(s) dict_keys(['bash_example_aifest']) retrieved from /home/brow1998/projects/aifest2019/workshop_airflow/dags/bash_example.py
[2019-12-14 05:17:36,662] {scheduler_job.py:161} INFO - Processing /home/brow1998/projects/aifest2019/workshop_airflow/dags/bash_example.py took 0.169 seconds
[2019-12-14 05:18:20,741] {scheduler_job.py:153} INFO - Started process (PID=25008) to work on /home/brow1998/projects/aifest2019/workshop_airflow/dags/bash_example.py
[2019-12-14 05:18:20,747] {scheduler_job.py:1528} INFO - Processing file /home/brow1998/projects/aifest2019/workshop_airflow/dags/bash_example.py for tasks to queue
[2019-12-14 05:18:20,748] {logging_mixin.py:112} INFO - [2019-12-14 05:18:20,747] {dagbag.py:92} INFO - Filling up the DagBag from /home/brow1998/projects/aifest2019/workshop_airflow/dags/bash_example.py
[2019-12-14 05:18:20,756] {logging_mixin.py:112} WARNING - /home/brow1998/miniconda3/envs/airflow_aifest2019/lib/python3.7/site-packages/airflow/operators/bash_operator.py:70: PendingDeprecationWarning: Invalid arguments were passed to BashOperator (task_id: get_joke). Support for passing such arguments will be dropped in Airflow 2.0. Invalid arguments were:
*args: ()
**kwargs: {'provide_context': True}
  super(BashOperator, self).__init__(*args, **kwargs)
[2019-12-14 05:18:20,760] {scheduler_job.py:1540} INFO - DAG(s) dict_keys(['bash_example_aifest']) retrieved from /home/brow1998/projects/aifest2019/workshop_airflow/dags/bash_example.py
[2019-12-14 05:18:20,887] {scheduler_job.py:161} INFO - Processing /home/brow1998/projects/aifest2019/workshop_airflow/dags/bash_example.py took 0.146 seconds
[2019-12-14 05:19:04,596] {scheduler_job.py:153} INFO - Started process (PID=25503) to work on /home/brow1998/projects/aifest2019/workshop_airflow/dags/bash_example.py
[2019-12-14 05:19:04,604] {scheduler_job.py:1528} INFO - Processing file /home/brow1998/projects/aifest2019/workshop_airflow/dags/bash_example.py for tasks to queue
[2019-12-14 05:19:04,605] {logging_mixin.py:112} INFO - [2019-12-14 05:19:04,605] {dagbag.py:92} INFO - Filling up the DagBag from /home/brow1998/projects/aifest2019/workshop_airflow/dags/bash_example.py
[2019-12-14 05:19:04,618] {logging_mixin.py:112} WARNING - /home/brow1998/miniconda3/envs/airflow_aifest2019/lib/python3.7/site-packages/airflow/operators/bash_operator.py:70: PendingDeprecationWarning: Invalid arguments were passed to BashOperator (task_id: get_joke). Support for passing such arguments will be dropped in Airflow 2.0. Invalid arguments were:
*args: ()
**kwargs: {'provide_context': True}
  super(BashOperator, self).__init__(*args, **kwargs)
[2019-12-14 05:19:04,622] {scheduler_job.py:1540} INFO - DAG(s) dict_keys(['bash_example_aifest']) retrieved from /home/brow1998/projects/aifest2019/workshop_airflow/dags/bash_example.py
[2019-12-14 05:19:04,801] {scheduler_job.py:161} INFO - Processing /home/brow1998/projects/aifest2019/workshop_airflow/dags/bash_example.py took 0.205 seconds
[2019-12-14 05:19:48,636] {scheduler_job.py:153} INFO - Started process (PID=25929) to work on /home/brow1998/projects/aifest2019/workshop_airflow/dags/bash_example.py
[2019-12-14 05:19:48,644] {scheduler_job.py:1528} INFO - Processing file /home/brow1998/projects/aifest2019/workshop_airflow/dags/bash_example.py for tasks to queue
[2019-12-14 05:19:48,645] {logging_mixin.py:112} INFO - [2019-12-14 05:19:48,644] {dagbag.py:92} INFO - Filling up the DagBag from /home/brow1998/projects/aifest2019/workshop_airflow/dags/bash_example.py
[2019-12-14 05:19:48,654] {logging_mixin.py:112} WARNING - /home/brow1998/miniconda3/envs/airflow_aifest2019/lib/python3.7/site-packages/airflow/operators/bash_operator.py:70: PendingDeprecationWarning: Invalid arguments were passed to BashOperator (task_id: get_joke). Support for passing such arguments will be dropped in Airflow 2.0. Invalid arguments were:
*args: ()
**kwargs: {'provide_context': True}
  super(BashOperator, self).__init__(*args, **kwargs)
[2019-12-14 05:19:48,659] {scheduler_job.py:1540} INFO - DAG(s) dict_keys(['bash_example_aifest']) retrieved from /home/brow1998/projects/aifest2019/workshop_airflow/dags/bash_example.py
[2019-12-14 05:19:48,891] {scheduler_job.py:161} INFO - Processing /home/brow1998/projects/aifest2019/workshop_airflow/dags/bash_example.py took 0.256 seconds
[2019-12-14 05:20:32,880] {scheduler_job.py:153} INFO - Started process (PID=26676) to work on /home/brow1998/projects/aifest2019/workshop_airflow/dags/bash_example.py
[2019-12-14 05:20:32,886] {scheduler_job.py:1528} INFO - Processing file /home/brow1998/projects/aifest2019/workshop_airflow/dags/bash_example.py for tasks to queue
[2019-12-14 05:20:32,887] {logging_mixin.py:112} INFO - [2019-12-14 05:20:32,887] {dagbag.py:92} INFO - Filling up the DagBag from /home/brow1998/projects/aifest2019/workshop_airflow/dags/bash_example.py
[2019-12-14 05:20:32,891] {logging_mixin.py:112} WARNING - /home/brow1998/miniconda3/envs/airflow_aifest2019/lib/python3.7/site-packages/airflow/operators/bash_operator.py:70: PendingDeprecationWarning: Invalid arguments were passed to BashOperator (task_id: get_joke). Support for passing such arguments will be dropped in Airflow 2.0. Invalid arguments were:
*args: ()
**kwargs: {'provide_context': True}
  super(BashOperator, self).__init__(*args, **kwargs)
[2019-12-14 05:20:32,893] {scheduler_job.py:1540} INFO - DAG(s) dict_keys(['bash_example_aifest']) retrieved from /home/brow1998/projects/aifest2019/workshop_airflow/dags/bash_example.py
[2019-12-14 05:20:33,025] {scheduler_job.py:161} INFO - Processing /home/brow1998/projects/aifest2019/workshop_airflow/dags/bash_example.py took 0.145 seconds
[2019-12-14 05:21:16,724] {scheduler_job.py:153} INFO - Started process (PID=27007) to work on /home/brow1998/projects/aifest2019/workshop_airflow/dags/bash_example.py
[2019-12-14 05:21:16,731] {scheduler_job.py:1528} INFO - Processing file /home/brow1998/projects/aifest2019/workshop_airflow/dags/bash_example.py for tasks to queue
[2019-12-14 05:21:16,732] {logging_mixin.py:112} INFO - [2019-12-14 05:21:16,732] {dagbag.py:92} INFO - Filling up the DagBag from /home/brow1998/projects/aifest2019/workshop_airflow/dags/bash_example.py
[2019-12-14 05:21:16,739] {logging_mixin.py:112} WARNING - /home/brow1998/miniconda3/envs/airflow_aifest2019/lib/python3.7/site-packages/airflow/operators/bash_operator.py:70: PendingDeprecationWarning: Invalid arguments were passed to BashOperator (task_id: get_joke). Support for passing such arguments will be dropped in Airflow 2.0. Invalid arguments were:
*args: ()
**kwargs: {'provide_context': True}
  super(BashOperator, self).__init__(*args, **kwargs)
[2019-12-14 05:21:16,742] {scheduler_job.py:1540} INFO - DAG(s) dict_keys(['bash_example_aifest']) retrieved from /home/brow1998/projects/aifest2019/workshop_airflow/dags/bash_example.py
[2019-12-14 05:21:16,879] {scheduler_job.py:161} INFO - Processing /home/brow1998/projects/aifest2019/workshop_airflow/dags/bash_example.py took 0.155 seconds
[2019-12-14 05:22:00,770] {scheduler_job.py:153} INFO - Started process (PID=27333) to work on /home/brow1998/projects/aifest2019/workshop_airflow/dags/bash_example.py
[2019-12-14 05:22:00,778] {scheduler_job.py:1528} INFO - Processing file /home/brow1998/projects/aifest2019/workshop_airflow/dags/bash_example.py for tasks to queue
[2019-12-14 05:22:00,778] {logging_mixin.py:112} INFO - [2019-12-14 05:22:00,778] {dagbag.py:92} INFO - Filling up the DagBag from /home/brow1998/projects/aifest2019/workshop_airflow/dags/bash_example.py
[2019-12-14 05:22:00,783] {logging_mixin.py:112} WARNING - /home/brow1998/miniconda3/envs/airflow_aifest2019/lib/python3.7/site-packages/airflow/operators/bash_operator.py:70: PendingDeprecationWarning: Invalid arguments were passed to BashOperator (task_id: get_joke). Support for passing such arguments will be dropped in Airflow 2.0. Invalid arguments were:
*args: ()
**kwargs: {'provide_context': True}
  super(BashOperator, self).__init__(*args, **kwargs)
[2019-12-14 05:22:00,786] {scheduler_job.py:1540} INFO - DAG(s) dict_keys(['bash_example_aifest']) retrieved from /home/brow1998/projects/aifest2019/workshop_airflow/dags/bash_example.py
[2019-12-14 05:22:00,999] {scheduler_job.py:161} INFO - Processing /home/brow1998/projects/aifest2019/workshop_airflow/dags/bash_example.py took 0.230 seconds
[2019-12-14 05:22:45,067] {scheduler_job.py:153} INFO - Started process (PID=27723) to work on /home/brow1998/projects/aifest2019/workshop_airflow/dags/bash_example.py
[2019-12-14 05:22:45,073] {scheduler_job.py:1528} INFO - Processing file /home/brow1998/projects/aifest2019/workshop_airflow/dags/bash_example.py for tasks to queue
[2019-12-14 05:22:45,074] {logging_mixin.py:112} INFO - [2019-12-14 05:22:45,073] {dagbag.py:92} INFO - Filling up the DagBag from /home/brow1998/projects/aifest2019/workshop_airflow/dags/bash_example.py
[2019-12-14 05:22:45,080] {logging_mixin.py:112} WARNING - /home/brow1998/miniconda3/envs/airflow_aifest2019/lib/python3.7/site-packages/airflow/operators/bash_operator.py:70: PendingDeprecationWarning: Invalid arguments were passed to BashOperator (task_id: get_joke). Support for passing such arguments will be dropped in Airflow 2.0. Invalid arguments were:
*args: ()
**kwargs: {'provide_context': True}
  super(BashOperator, self).__init__(*args, **kwargs)
[2019-12-14 05:22:45,084] {scheduler_job.py:1540} INFO - DAG(s) dict_keys(['bash_example_aifest']) retrieved from /home/brow1998/projects/aifest2019/workshop_airflow/dags/bash_example.py
[2019-12-14 05:22:45,204] {scheduler_job.py:161} INFO - Processing /home/brow1998/projects/aifest2019/workshop_airflow/dags/bash_example.py took 0.137 seconds
[2019-12-14 05:23:28,851] {scheduler_job.py:153} INFO - Started process (PID=28197) to work on /home/brow1998/projects/aifest2019/workshop_airflow/dags/bash_example.py
[2019-12-14 05:23:28,858] {scheduler_job.py:1528} INFO - Processing file /home/brow1998/projects/aifest2019/workshop_airflow/dags/bash_example.py for tasks to queue
[2019-12-14 05:23:28,859] {logging_mixin.py:112} INFO - [2019-12-14 05:23:28,859] {dagbag.py:92} INFO - Filling up the DagBag from /home/brow1998/projects/aifest2019/workshop_airflow/dags/bash_example.py
[2019-12-14 05:23:28,865] {logging_mixin.py:112} WARNING - /home/brow1998/miniconda3/envs/airflow_aifest2019/lib/python3.7/site-packages/airflow/operators/bash_operator.py:70: PendingDeprecationWarning: Invalid arguments were passed to BashOperator (task_id: get_joke). Support for passing such arguments will be dropped in Airflow 2.0. Invalid arguments were:
*args: ()
**kwargs: {'provide_context': True}
  super(BashOperator, self).__init__(*args, **kwargs)
[2019-12-14 05:23:28,868] {scheduler_job.py:1540} INFO - DAG(s) dict_keys(['bash_example_aifest']) retrieved from /home/brow1998/projects/aifest2019/workshop_airflow/dags/bash_example.py
[2019-12-14 05:23:29,067] {scheduler_job.py:161} INFO - Processing /home/brow1998/projects/aifest2019/workshop_airflow/dags/bash_example.py took 0.216 seconds
[2019-12-14 05:24:12,902] {scheduler_job.py:153} INFO - Started process (PID=28520) to work on /home/brow1998/projects/aifest2019/workshop_airflow/dags/bash_example.py
[2019-12-14 05:24:12,910] {scheduler_job.py:1528} INFO - Processing file /home/brow1998/projects/aifest2019/workshop_airflow/dags/bash_example.py for tasks to queue
[2019-12-14 05:24:12,911] {logging_mixin.py:112} INFO - [2019-12-14 05:24:12,911] {dagbag.py:92} INFO - Filling up the DagBag from /home/brow1998/projects/aifest2019/workshop_airflow/dags/bash_example.py
[2019-12-14 05:24:12,920] {logging_mixin.py:112} WARNING - /home/brow1998/miniconda3/envs/airflow_aifest2019/lib/python3.7/site-packages/airflow/operators/bash_operator.py:70: PendingDeprecationWarning: Invalid arguments were passed to BashOperator (task_id: get_joke). Support for passing such arguments will be dropped in Airflow 2.0. Invalid arguments were:
*args: ()
**kwargs: {'provide_context': True}
  super(BashOperator, self).__init__(*args, **kwargs)
[2019-12-14 05:24:12,924] {scheduler_job.py:1540} INFO - DAG(s) dict_keys(['bash_example_aifest']) retrieved from /home/brow1998/projects/aifest2019/workshop_airflow/dags/bash_example.py
[2019-12-14 05:24:13,119] {scheduler_job.py:161} INFO - Processing /home/brow1998/projects/aifest2019/workshop_airflow/dags/bash_example.py took 0.216 seconds
[2019-12-14 05:24:57,194] {scheduler_job.py:153} INFO - Started process (PID=28819) to work on /home/brow1998/projects/aifest2019/workshop_airflow/dags/bash_example.py
[2019-12-14 05:24:57,201] {scheduler_job.py:1528} INFO - Processing file /home/brow1998/projects/aifest2019/workshop_airflow/dags/bash_example.py for tasks to queue
[2019-12-14 05:24:57,202] {logging_mixin.py:112} INFO - [2019-12-14 05:24:57,202] {dagbag.py:92} INFO - Filling up the DagBag from /home/brow1998/projects/aifest2019/workshop_airflow/dags/bash_example.py
[2019-12-14 05:24:57,211] {logging_mixin.py:112} WARNING - /home/brow1998/miniconda3/envs/airflow_aifest2019/lib/python3.7/site-packages/airflow/operators/bash_operator.py:70: PendingDeprecationWarning: Invalid arguments were passed to BashOperator (task_id: get_joke). Support for passing such arguments will be dropped in Airflow 2.0. Invalid arguments were:
*args: ()
**kwargs: {'provide_context': True}
  super(BashOperator, self).__init__(*args, **kwargs)
[2019-12-14 05:24:57,216] {scheduler_job.py:1540} INFO - DAG(s) dict_keys(['bash_example_aifest']) retrieved from /home/brow1998/projects/aifest2019/workshop_airflow/dags/bash_example.py
[2019-12-14 05:24:57,401] {scheduler_job.py:161} INFO - Processing /home/brow1998/projects/aifest2019/workshop_airflow/dags/bash_example.py took 0.207 seconds
[2019-12-14 05:25:40,983] {scheduler_job.py:153} INFO - Started process (PID=29240) to work on /home/brow1998/projects/aifest2019/workshop_airflow/dags/bash_example.py
[2019-12-14 05:25:40,988] {scheduler_job.py:1528} INFO - Processing file /home/brow1998/projects/aifest2019/workshop_airflow/dags/bash_example.py for tasks to queue
[2019-12-14 05:25:40,988] {logging_mixin.py:112} INFO - [2019-12-14 05:25:40,988] {dagbag.py:92} INFO - Filling up the DagBag from /home/brow1998/projects/aifest2019/workshop_airflow/dags/bash_example.py
[2019-12-14 05:25:40,993] {logging_mixin.py:112} WARNING - /home/brow1998/miniconda3/envs/airflow_aifest2019/lib/python3.7/site-packages/airflow/operators/bash_operator.py:70: PendingDeprecationWarning: Invalid arguments were passed to BashOperator (task_id: get_joke). Support for passing such arguments will be dropped in Airflow 2.0. Invalid arguments were:
*args: ()
**kwargs: {'provide_context': True}
  super(BashOperator, self).__init__(*args, **kwargs)
[2019-12-14 05:25:40,995] {scheduler_job.py:1540} INFO - DAG(s) dict_keys(['bash_example_aifest']) retrieved from /home/brow1998/projects/aifest2019/workshop_airflow/dags/bash_example.py
[2019-12-14 05:25:41,134] {scheduler_job.py:161} INFO - Processing /home/brow1998/projects/aifest2019/workshop_airflow/dags/bash_example.py took 0.151 seconds
[2019-12-14 05:26:25,019] {scheduler_job.py:153} INFO - Started process (PID=29630) to work on /home/brow1998/projects/aifest2019/workshop_airflow/dags/bash_example.py
[2019-12-14 05:26:25,021] {scheduler_job.py:1528} INFO - Processing file /home/brow1998/projects/aifest2019/workshop_airflow/dags/bash_example.py for tasks to queue
[2019-12-14 05:26:25,021] {logging_mixin.py:112} INFO - [2019-12-14 05:26:25,021] {dagbag.py:92} INFO - Filling up the DagBag from /home/brow1998/projects/aifest2019/workshop_airflow/dags/bash_example.py
[2019-12-14 05:26:25,023] {logging_mixin.py:112} WARNING - /home/brow1998/miniconda3/envs/airflow_aifest2019/lib/python3.7/site-packages/airflow/operators/bash_operator.py:70: PendingDeprecationWarning: Invalid arguments were passed to BashOperator (task_id: get_joke). Support for passing such arguments will be dropped in Airflow 2.0. Invalid arguments were:
*args: ()
**kwargs: {'provide_context': True}
  super(BashOperator, self).__init__(*args, **kwargs)
[2019-12-14 05:26:25,025] {scheduler_job.py:1540} INFO - DAG(s) dict_keys(['bash_example_aifest']) retrieved from /home/brow1998/projects/aifest2019/workshop_airflow/dags/bash_example.py
[2019-12-14 05:26:25,184] {scheduler_job.py:161} INFO - Processing /home/brow1998/projects/aifest2019/workshop_airflow/dags/bash_example.py took 0.165 seconds
[2019-12-14 05:27:09,170] {scheduler_job.py:153} INFO - Started process (PID=30074) to work on /home/brow1998/projects/aifest2019/workshop_airflow/dags/bash_example.py
[2019-12-14 05:27:09,171] {scheduler_job.py:1528} INFO - Processing file /home/brow1998/projects/aifest2019/workshop_airflow/dags/bash_example.py for tasks to queue
[2019-12-14 05:27:09,171] {logging_mixin.py:112} INFO - [2019-12-14 05:27:09,171] {dagbag.py:92} INFO - Filling up the DagBag from /home/brow1998/projects/aifest2019/workshop_airflow/dags/bash_example.py
[2019-12-14 05:27:09,174] {logging_mixin.py:112} WARNING - /home/brow1998/miniconda3/envs/airflow_aifest2019/lib/python3.7/site-packages/airflow/operators/bash_operator.py:70: PendingDeprecationWarning: Invalid arguments were passed to BashOperator (task_id: get_joke). Support for passing such arguments will be dropped in Airflow 2.0. Invalid arguments were:
*args: ()
**kwargs: {'provide_context': True}
  super(BashOperator, self).__init__(*args, **kwargs)
[2019-12-14 05:27:09,175] {scheduler_job.py:1540} INFO - DAG(s) dict_keys(['bash_example_aifest']) retrieved from /home/brow1998/projects/aifest2019/workshop_airflow/dags/bash_example.py
[2019-12-14 05:27:09,356] {scheduler_job.py:161} INFO - Processing /home/brow1998/projects/aifest2019/workshop_airflow/dags/bash_example.py took 0.187 seconds
[2019-12-14 05:27:53,104] {scheduler_job.py:153} INFO - Started process (PID=30506) to work on /home/brow1998/projects/aifest2019/workshop_airflow/dags/bash_example.py
[2019-12-14 05:27:53,106] {scheduler_job.py:1528} INFO - Processing file /home/brow1998/projects/aifest2019/workshop_airflow/dags/bash_example.py for tasks to queue
[2019-12-14 05:27:53,106] {logging_mixin.py:112} INFO - [2019-12-14 05:27:53,106] {dagbag.py:92} INFO - Filling up the DagBag from /home/brow1998/projects/aifest2019/workshop_airflow/dags/bash_example.py
[2019-12-14 05:27:53,109] {logging_mixin.py:112} WARNING - /home/brow1998/miniconda3/envs/airflow_aifest2019/lib/python3.7/site-packages/airflow/operators/bash_operator.py:70: PendingDeprecationWarning: Invalid arguments were passed to BashOperator (task_id: get_joke). Support for passing such arguments will be dropped in Airflow 2.0. Invalid arguments were:
*args: ()
**kwargs: {'provide_context': True}
  super(BashOperator, self).__init__(*args, **kwargs)
[2019-12-14 05:27:53,111] {scheduler_job.py:1540} INFO - DAG(s) dict_keys(['bash_example_aifest']) retrieved from /home/brow1998/projects/aifest2019/workshop_airflow/dags/bash_example.py
[2019-12-14 05:27:53,355] {scheduler_job.py:161} INFO - Processing /home/brow1998/projects/aifest2019/workshop_airflow/dags/bash_example.py took 0.251 seconds
[2019-12-14 05:28:37,160] {scheduler_job.py:153} INFO - Started process (PID=30960) to work on /home/brow1998/projects/aifest2019/workshop_airflow/dags/bash_example.py
[2019-12-14 05:28:37,166] {scheduler_job.py:1528} INFO - Processing file /home/brow1998/projects/aifest2019/workshop_airflow/dags/bash_example.py for tasks to queue
[2019-12-14 05:28:37,167] {logging_mixin.py:112} INFO - [2019-12-14 05:28:37,167] {dagbag.py:92} INFO - Filling up the DagBag from /home/brow1998/projects/aifest2019/workshop_airflow/dags/bash_example.py
[2019-12-14 05:28:37,176] {logging_mixin.py:112} WARNING - /home/brow1998/miniconda3/envs/airflow_aifest2019/lib/python3.7/site-packages/airflow/operators/bash_operator.py:70: PendingDeprecationWarning: Invalid arguments were passed to BashOperator (task_id: get_joke). Support for passing such arguments will be dropped in Airflow 2.0. Invalid arguments were:
*args: ()
**kwargs: {'provide_context': True}
  super(BashOperator, self).__init__(*args, **kwargs)
[2019-12-14 05:28:37,179] {scheduler_job.py:1540} INFO - DAG(s) dict_keys(['bash_example_aifest']) retrieved from /home/brow1998/projects/aifest2019/workshop_airflow/dags/bash_example.py
[2019-12-14 05:28:37,423] {scheduler_job.py:161} INFO - Processing /home/brow1998/projects/aifest2019/workshop_airflow/dags/bash_example.py took 0.263 seconds
[2019-12-14 05:29:21,383] {scheduler_job.py:153} INFO - Started process (PID=31368) to work on /home/brow1998/projects/aifest2019/workshop_airflow/dags/bash_example.py
[2019-12-14 05:29:21,384] {scheduler_job.py:1528} INFO - Processing file /home/brow1998/projects/aifest2019/workshop_airflow/dags/bash_example.py for tasks to queue
[2019-12-14 05:29:21,384] {logging_mixin.py:112} INFO - [2019-12-14 05:29:21,384] {dagbag.py:92} INFO - Filling up the DagBag from /home/brow1998/projects/aifest2019/workshop_airflow/dags/bash_example.py
[2019-12-14 05:29:21,387] {logging_mixin.py:112} WARNING - /home/brow1998/miniconda3/envs/airflow_aifest2019/lib/python3.7/site-packages/airflow/operators/bash_operator.py:70: PendingDeprecationWarning: Invalid arguments were passed to BashOperator (task_id: get_joke). Support for passing such arguments will be dropped in Airflow 2.0. Invalid arguments were:
*args: ()
**kwargs: {'provide_context': True}
  super(BashOperator, self).__init__(*args, **kwargs)
[2019-12-14 05:29:21,388] {scheduler_job.py:1540} INFO - DAG(s) dict_keys(['bash_example_aifest']) retrieved from /home/brow1998/projects/aifest2019/workshop_airflow/dags/bash_example.py
[2019-12-14 05:29:21,499] {scheduler_job.py:161} INFO - Processing /home/brow1998/projects/aifest2019/workshop_airflow/dags/bash_example.py took 0.117 seconds
[2019-12-14 05:30:05,249] {scheduler_job.py:153} INFO - Started process (PID=31961) to work on /home/brow1998/projects/aifest2019/workshop_airflow/dags/bash_example.py
[2019-12-14 05:30:05,255] {scheduler_job.py:1528} INFO - Processing file /home/brow1998/projects/aifest2019/workshop_airflow/dags/bash_example.py for tasks to queue
[2019-12-14 05:30:05,256] {logging_mixin.py:112} INFO - [2019-12-14 05:30:05,255] {dagbag.py:92} INFO - Filling up the DagBag from /home/brow1998/projects/aifest2019/workshop_airflow/dags/bash_example.py
[2019-12-14 05:30:05,259] {logging_mixin.py:112} WARNING - /home/brow1998/miniconda3/envs/airflow_aifest2019/lib/python3.7/site-packages/airflow/operators/bash_operator.py:70: PendingDeprecationWarning: Invalid arguments were passed to BashOperator (task_id: get_joke). Support for passing such arguments will be dropped in Airflow 2.0. Invalid arguments were:
*args: ()
**kwargs: {'provide_context': True}
  super(BashOperator, self).__init__(*args, **kwargs)
[2019-12-14 05:30:05,261] {scheduler_job.py:1540} INFO - DAG(s) dict_keys(['bash_example_aifest']) retrieved from /home/brow1998/projects/aifest2019/workshop_airflow/dags/bash_example.py
[2019-12-14 05:30:05,386] {scheduler_job.py:161} INFO - Processing /home/brow1998/projects/aifest2019/workshop_airflow/dags/bash_example.py took 0.137 seconds
[2019-12-14 05:30:51,299] {scheduler_job.py:153} INFO - Started process (PID=32319) to work on /home/brow1998/projects/aifest2019/workshop_airflow/dags/bash_example.py
[2019-12-14 05:30:51,305] {scheduler_job.py:1528} INFO - Processing file /home/brow1998/projects/aifest2019/workshop_airflow/dags/bash_example.py for tasks to queue
[2019-12-14 05:30:51,307] {logging_mixin.py:112} INFO - [2019-12-14 05:30:51,306] {dagbag.py:92} INFO - Filling up the DagBag from /home/brow1998/projects/aifest2019/workshop_airflow/dags/bash_example.py
[2019-12-14 05:30:51,315] {logging_mixin.py:112} WARNING - /home/brow1998/miniconda3/envs/airflow_aifest2019/lib/python3.7/site-packages/airflow/operators/bash_operator.py:70: PendingDeprecationWarning: Invalid arguments were passed to BashOperator (task_id: get_joke). Support for passing such arguments will be dropped in Airflow 2.0. Invalid arguments were:
*args: ()
**kwargs: {'provide_context': True}
  super(BashOperator, self).__init__(*args, **kwargs)
[2019-12-14 05:30:51,319] {scheduler_job.py:1540} INFO - DAG(s) dict_keys(['bash_example_aifest']) retrieved from /home/brow1998/projects/aifest2019/workshop_airflow/dags/bash_example.py
[2019-12-14 05:30:51,650] {scheduler_job.py:161} INFO - Processing /home/brow1998/projects/aifest2019/workshop_airflow/dags/bash_example.py took 0.351 seconds
[2019-12-14 05:31:59,817] {scheduler_job.py:153} INFO - Started process (PID=774) to work on /home/brow1998/projects/aifest2019/workshop_airflow/dags/bash_example.py
[2019-12-14 05:31:59,823] {scheduler_job.py:1528} INFO - Processing file /home/brow1998/projects/aifest2019/workshop_airflow/dags/bash_example.py for tasks to queue
[2019-12-14 05:31:59,824] {logging_mixin.py:112} INFO - [2019-12-14 05:31:59,824] {dagbag.py:92} INFO - Filling up the DagBag from /home/brow1998/projects/aifest2019/workshop_airflow/dags/bash_example.py
[2019-12-14 05:31:59,835] {scheduler_job.py:1540} INFO - DAG(s) dict_keys(['bash_example_aifest']) retrieved from /home/brow1998/projects/aifest2019/workshop_airflow/dags/bash_example.py
[2019-12-14 05:32:00,233] {scheduler_job.py:161} INFO - Processing /home/brow1998/projects/aifest2019/workshop_airflow/dags/bash_example.py took 0.416 seconds
[2019-12-14 05:33:19,634] {scheduler_job.py:153} INFO - Started process (PID=2066) to work on /home/brow1998/projects/aifest2019/workshop_airflow/dags/bash_example.py
[2019-12-14 05:33:19,640] {scheduler_job.py:1528} INFO - Processing file /home/brow1998/projects/aifest2019/workshop_airflow/dags/bash_example.py for tasks to queue
[2019-12-14 05:33:19,641] {logging_mixin.py:112} INFO - [2019-12-14 05:33:19,640] {dagbag.py:92} INFO - Filling up the DagBag from /home/brow1998/projects/aifest2019/workshop_airflow/dags/bash_example.py
[2019-12-14 05:33:19,653] {scheduler_job.py:1540} INFO - DAG(s) dict_keys(['bash_example_aifest']) retrieved from /home/brow1998/projects/aifest2019/workshop_airflow/dags/bash_example.py
[2019-12-14 05:33:20,009] {scheduler_job.py:161} INFO - Processing /home/brow1998/projects/aifest2019/workshop_airflow/dags/bash_example.py took 0.375 seconds
[2019-12-14 05:34:27,752] {scheduler_job.py:153} INFO - Started process (PID=3125) to work on /home/brow1998/projects/aifest2019/workshop_airflow/dags/bash_example.py
[2019-12-14 05:34:27,756] {scheduler_job.py:1528} INFO - Processing file /home/brow1998/projects/aifest2019/workshop_airflow/dags/bash_example.py for tasks to queue
[2019-12-14 05:34:27,756] {logging_mixin.py:112} INFO - [2019-12-14 05:34:27,756] {dagbag.py:92} INFO - Filling up the DagBag from /home/brow1998/projects/aifest2019/workshop_airflow/dags/bash_example.py
[2019-12-14 05:34:27,762] {scheduler_job.py:1540} INFO - DAG(s) dict_keys(['bash_example_aifest']) retrieved from /home/brow1998/projects/aifest2019/workshop_airflow/dags/bash_example.py
[2019-12-14 05:34:28,070] {scheduler_job.py:161} INFO - Processing /home/brow1998/projects/aifest2019/workshop_airflow/dags/bash_example.py took 0.317 seconds
[2019-12-14 05:35:17,967] {scheduler_job.py:153} INFO - Started process (PID=4033) to work on /home/brow1998/projects/aifest2019/workshop_airflow/dags/bash_example.py
[2019-12-14 05:35:17,968] {scheduler_job.py:1528} INFO - Processing file /home/brow1998/projects/aifest2019/workshop_airflow/dags/bash_example.py for tasks to queue
[2019-12-14 05:35:17,968] {logging_mixin.py:112} INFO - [2019-12-14 05:35:17,968] {dagbag.py:92} INFO - Filling up the DagBag from /home/brow1998/projects/aifest2019/workshop_airflow/dags/bash_example.py
[2019-12-14 05:35:17,972] {scheduler_job.py:1540} INFO - DAG(s) dict_keys(['bash_example_aifest']) retrieved from /home/brow1998/projects/aifest2019/workshop_airflow/dags/bash_example.py
[2019-12-14 05:35:18,367] {scheduler_job.py:161} INFO - Processing /home/brow1998/projects/aifest2019/workshop_airflow/dags/bash_example.py took 0.400 seconds
[2019-12-14 05:36:04,017] {scheduler_job.py:153} INFO - Started process (PID=4772) to work on /home/brow1998/projects/aifest2019/workshop_airflow/dags/bash_example.py
[2019-12-14 05:36:04,018] {scheduler_job.py:1528} INFO - Processing file /home/brow1998/projects/aifest2019/workshop_airflow/dags/bash_example.py for tasks to queue
[2019-12-14 05:36:04,018] {logging_mixin.py:112} INFO - [2019-12-14 05:36:04,018] {dagbag.py:92} INFO - Filling up the DagBag from /home/brow1998/projects/aifest2019/workshop_airflow/dags/bash_example.py
[2019-12-14 05:36:04,021] {scheduler_job.py:1540} INFO - DAG(s) dict_keys(['bash_example_aifest']) retrieved from /home/brow1998/projects/aifest2019/workshop_airflow/dags/bash_example.py
[2019-12-14 05:36:04,201] {scheduler_job.py:161} INFO - Processing /home/brow1998/projects/aifest2019/workshop_airflow/dags/bash_example.py took 0.185 seconds
[2019-12-14 05:37:00,934] {scheduler_job.py:153} INFO - Started process (PID=5242) to work on /home/brow1998/projects/aifest2019/workshop_airflow/dags/bash_example.py
[2019-12-14 05:37:00,939] {scheduler_job.py:1528} INFO - Processing file /home/brow1998/projects/aifest2019/workshop_airflow/dags/bash_example.py for tasks to queue
[2019-12-14 05:37:00,940] {logging_mixin.py:112} INFO - [2019-12-14 05:37:00,940] {dagbag.py:92} INFO - Filling up the DagBag from /home/brow1998/projects/aifest2019/workshop_airflow/dags/bash_example.py
[2019-12-14 05:37:00,947] {scheduler_job.py:1540} INFO - DAG(s) dict_keys(['bash_example_aifest']) retrieved from /home/brow1998/projects/aifest2019/workshop_airflow/dags/bash_example.py
[2019-12-14 05:37:01,157] {scheduler_job.py:161} INFO - Processing /home/brow1998/projects/aifest2019/workshop_airflow/dags/bash_example.py took 0.223 seconds
[2019-12-14 05:37:57,667] {scheduler_job.py:153} INFO - Started process (PID=5882) to work on /home/brow1998/projects/aifest2019/workshop_airflow/dags/bash_example.py
[2019-12-14 05:37:57,674] {scheduler_job.py:1528} INFO - Processing file /home/brow1998/projects/aifest2019/workshop_airflow/dags/bash_example.py for tasks to queue
[2019-12-14 05:37:57,675] {logging_mixin.py:112} INFO - [2019-12-14 05:37:57,674] {dagbag.py:92} INFO - Filling up the DagBag from /home/brow1998/projects/aifest2019/workshop_airflow/dags/bash_example.py
[2019-12-14 05:37:57,687] {scheduler_job.py:1540} INFO - DAG(s) dict_keys(['bash_example_aifest']) retrieved from /home/brow1998/projects/aifest2019/workshop_airflow/dags/bash_example.py
[2019-12-14 05:37:57,915] {scheduler_job.py:161} INFO - Processing /home/brow1998/projects/aifest2019/workshop_airflow/dags/bash_example.py took 0.249 seconds
[2019-12-14 05:38:43,715] {scheduler_job.py:153} INFO - Started process (PID=6408) to work on /home/brow1998/projects/aifest2019/workshop_airflow/dags/bash_example.py
[2019-12-14 05:38:43,722] {scheduler_job.py:1528} INFO - Processing file /home/brow1998/projects/aifest2019/workshop_airflow/dags/bash_example.py for tasks to queue
[2019-12-14 05:38:43,723] {logging_mixin.py:112} INFO - [2019-12-14 05:38:43,723] {dagbag.py:92} INFO - Filling up the DagBag from /home/brow1998/projects/aifest2019/workshop_airflow/dags/bash_example.py
[2019-12-14 05:38:43,734] {scheduler_job.py:1540} INFO - DAG(s) dict_keys(['bash_example_aifest']) retrieved from /home/brow1998/projects/aifest2019/workshop_airflow/dags/bash_example.py
[2019-12-14 05:38:43,995] {scheduler_job.py:161} INFO - Processing /home/brow1998/projects/aifest2019/workshop_airflow/dags/bash_example.py took 0.280 seconds
[2019-12-14 05:39:29,763] {scheduler_job.py:153} INFO - Started process (PID=6883) to work on /home/brow1998/projects/aifest2019/workshop_airflow/dags/bash_example.py
[2019-12-14 05:39:29,772] {scheduler_job.py:1528} INFO - Processing file /home/brow1998/projects/aifest2019/workshop_airflow/dags/bash_example.py for tasks to queue
[2019-12-14 05:39:29,773] {logging_mixin.py:112} INFO - [2019-12-14 05:39:29,773] {dagbag.py:92} INFO - Filling up the DagBag from /home/brow1998/projects/aifest2019/workshop_airflow/dags/bash_example.py
[2019-12-14 05:39:29,793] {scheduler_job.py:1540} INFO - DAG(s) dict_keys(['bash_example_aifest']) retrieved from /home/brow1998/projects/aifest2019/workshop_airflow/dags/bash_example.py
[2019-12-14 05:39:30,155] {scheduler_job.py:161} INFO - Processing /home/brow1998/projects/aifest2019/workshop_airflow/dags/bash_example.py took 0.392 seconds
[2019-12-14 05:40:15,810] {scheduler_job.py:153} INFO - Started process (PID=7446) to work on /home/brow1998/projects/aifest2019/workshop_airflow/dags/bash_example.py
[2019-12-14 05:40:15,819] {scheduler_job.py:1528} INFO - Processing file /home/brow1998/projects/aifest2019/workshop_airflow/dags/bash_example.py for tasks to queue
[2019-12-14 05:40:15,820] {logging_mixin.py:112} INFO - [2019-12-14 05:40:15,820] {dagbag.py:92} INFO - Filling up the DagBag from /home/brow1998/projects/aifest2019/workshop_airflow/dags/bash_example.py
[2019-12-14 05:40:15,830] {scheduler_job.py:1540} INFO - DAG(s) dict_keys(['bash_example_aifest']) retrieved from /home/brow1998/projects/aifest2019/workshop_airflow/dags/bash_example.py
[2019-12-14 05:40:16,069] {scheduler_job.py:161} INFO - Processing /home/brow1998/projects/aifest2019/workshop_airflow/dags/bash_example.py took 0.259 seconds
[2019-12-14 05:41:01,862] {scheduler_job.py:153} INFO - Started process (PID=8022) to work on /home/brow1998/projects/aifest2019/workshop_airflow/dags/bash_example.py
[2019-12-14 05:41:01,868] {scheduler_job.py:1528} INFO - Processing file /home/brow1998/projects/aifest2019/workshop_airflow/dags/bash_example.py for tasks to queue
[2019-12-14 05:41:01,869] {logging_mixin.py:112} INFO - [2019-12-14 05:41:01,869] {dagbag.py:92} INFO - Filling up the DagBag from /home/brow1998/projects/aifest2019/workshop_airflow/dags/bash_example.py
[2019-12-14 05:41:01,882] {scheduler_job.py:1540} INFO - DAG(s) dict_keys(['bash_example_aifest']) retrieved from /home/brow1998/projects/aifest2019/workshop_airflow/dags/bash_example.py
[2019-12-14 05:41:02,020] {scheduler_job.py:161} INFO - Processing /home/brow1998/projects/aifest2019/workshop_airflow/dags/bash_example.py took 0.158 seconds
[2019-12-14 05:41:48,099] {scheduler_job.py:153} INFO - Started process (PID=8623) to work on /home/brow1998/projects/aifest2019/workshop_airflow/dags/bash_example.py
[2019-12-14 05:41:48,105] {scheduler_job.py:1528} INFO - Processing file /home/brow1998/projects/aifest2019/workshop_airflow/dags/bash_example.py for tasks to queue
[2019-12-14 05:41:48,106] {logging_mixin.py:112} INFO - [2019-12-14 05:41:48,105] {dagbag.py:92} INFO - Filling up the DagBag from /home/brow1998/projects/aifest2019/workshop_airflow/dags/bash_example.py
[2019-12-14 05:41:48,114] {scheduler_job.py:1540} INFO - DAG(s) dict_keys(['bash_example_aifest']) retrieved from /home/brow1998/projects/aifest2019/workshop_airflow/dags/bash_example.py
[2019-12-14 05:41:48,244] {scheduler_job.py:161} INFO - Processing /home/brow1998/projects/aifest2019/workshop_airflow/dags/bash_example.py took 0.145 seconds
[2019-12-14 05:42:33,959] {scheduler_job.py:153} INFO - Started process (PID=9169) to work on /home/brow1998/projects/aifest2019/workshop_airflow/dags/bash_example.py
[2019-12-14 05:42:33,962] {scheduler_job.py:1528} INFO - Processing file /home/brow1998/projects/aifest2019/workshop_airflow/dags/bash_example.py for tasks to queue
[2019-12-14 05:42:33,963] {logging_mixin.py:112} INFO - [2019-12-14 05:42:33,963] {dagbag.py:92} INFO - Filling up the DagBag from /home/brow1998/projects/aifest2019/workshop_airflow/dags/bash_example.py
[2019-12-14 05:42:33,969] {scheduler_job.py:1540} INFO - DAG(s) dict_keys(['bash_example_aifest']) retrieved from /home/brow1998/projects/aifest2019/workshop_airflow/dags/bash_example.py
[2019-12-14 05:42:34,105] {scheduler_job.py:161} INFO - Processing /home/brow1998/projects/aifest2019/workshop_airflow/dags/bash_example.py took 0.147 seconds
[2019-12-14 05:43:19,996] {scheduler_job.py:153} INFO - Started process (PID=9830) to work on /home/brow1998/projects/aifest2019/workshop_airflow/dags/bash_example.py
[2019-12-14 05:43:19,998] {scheduler_job.py:1528} INFO - Processing file /home/brow1998/projects/aifest2019/workshop_airflow/dags/bash_example.py for tasks to queue
[2019-12-14 05:43:19,998] {logging_mixin.py:112} INFO - [2019-12-14 05:43:19,998] {dagbag.py:92} INFO - Filling up the DagBag from /home/brow1998/projects/aifest2019/workshop_airflow/dags/bash_example.py
[2019-12-14 05:43:20,002] {scheduler_job.py:1540} INFO - DAG(s) dict_keys(['bash_example_aifest']) retrieved from /home/brow1998/projects/aifest2019/workshop_airflow/dags/bash_example.py
[2019-12-14 05:43:20,225] {scheduler_job.py:161} INFO - Processing /home/brow1998/projects/aifest2019/workshop_airflow/dags/bash_example.py took 0.229 seconds
[2019-12-14 05:44:06,063] {scheduler_job.py:153} INFO - Started process (PID=10250) to work on /home/brow1998/projects/aifest2019/workshop_airflow/dags/bash_example.py
[2019-12-14 05:44:06,069] {scheduler_job.py:1528} INFO - Processing file /home/brow1998/projects/aifest2019/workshop_airflow/dags/bash_example.py for tasks to queue
[2019-12-14 05:44:06,070] {logging_mixin.py:112} INFO - [2019-12-14 05:44:06,070] {dagbag.py:92} INFO - Filling up the DagBag from /home/brow1998/projects/aifest2019/workshop_airflow/dags/bash_example.py
[2019-12-14 05:44:06,079] {scheduler_job.py:1540} INFO - DAG(s) dict_keys(['bash_example_aifest']) retrieved from /home/brow1998/projects/aifest2019/workshop_airflow/dags/bash_example.py
[2019-12-14 05:44:06,537] {scheduler_job.py:161} INFO - Processing /home/brow1998/projects/aifest2019/workshop_airflow/dags/bash_example.py took 0.475 seconds
