[2019-12-14 05:33:24,975] {taskinstance.py:630} INFO - Dependencies all met for <TaskInstance: http_example_aifest.get_joke 2019-12-12T12:00:00+00:00 [queued]>
[2019-12-14 05:33:24,992] {taskinstance.py:630} INFO - Dependencies all met for <TaskInstance: http_example_aifest.get_joke 2019-12-12T12:00:00+00:00 [queued]>
[2019-12-14 05:33:24,993] {taskinstance.py:841} INFO - 
--------------------------------------------------------------------------------
[2019-12-14 05:33:24,993] {taskinstance.py:842} INFO - Starting attempt 1 of 1
[2019-12-14 05:33:24,993] {taskinstance.py:843} INFO - 
--------------------------------------------------------------------------------
[2019-12-14 05:33:25,104] {taskinstance.py:862} INFO - Executing <Task(SimpleHttpOperator): get_joke> on 2019-12-12T12:00:00+00:00
[2019-12-14 05:33:25,105] {base_task_runner.py:133} INFO - Running: ['airflow', 'run', 'http_example_aifest', 'get_joke', '2019-12-12T12:00:00+00:00', '--job_id', '7', '--pool', 'default_pool', '--raw', '-sd', 'DAGS_FOLDER/http_example.py', '--cfg_path', '/tmp/tmp4cytu_p6']
[2019-12-14 05:33:25,453] {base_task_runner.py:115} INFO - Job 7: Subtask get_joke /home/brow1998/miniconda3/envs/airflow_aifest2019/lib/python3.7/site-packages/airflow/configuration.py:627: DeprecationWarning: You have two airflow.cfg files: /home/brow1998/airflow/airflow.cfg and /home/brow1998/projects/aifest2019/workshop_airflow/airflow.cfg. Airflow used to look at ~/airflow/airflow.cfg, even when AIRFLOW_HOME was set to a different value. Airflow will now only read /home/brow1998/projects/aifest2019/workshop_airflow/airflow.cfg, and you should remove the other file
[2019-12-14 05:33:25,453] {base_task_runner.py:115} INFO - Job 7: Subtask get_joke   category=DeprecationWarning,
[2019-12-14 05:33:25,959] {base_task_runner.py:115} INFO - Job 7: Subtask get_joke [2019-12-14 05:33:25,958] {__init__.py:51} INFO - Using executor SequentialExecutor
[2019-12-14 05:33:25,960] {base_task_runner.py:115} INFO - Job 7: Subtask get_joke [2019-12-14 05:33:25,959] {dagbag.py:92} INFO - Filling up the DagBag from /home/brow1998/projects/aifest2019/workshop_airflow/dags/http_example.py
[2019-12-14 05:33:25,997] {base_task_runner.py:115} INFO - Job 7: Subtask get_joke [2019-12-14 05:33:25,996] {cli.py:545} INFO - Running <TaskInstance: http_example_aifest.get_joke 2019-12-12T12:00:00+00:00 [running]> on host info-note
[2019-12-14 05:33:26,005] {http_operator.py:87} INFO - Calling HTTP method
[2019-12-14 05:33:26,008] {logging_mixin.py:112} INFO - [2019-12-14 05:33:26,007] {base_hook.py:84} INFO - Using connection to: id: http_default. Host: https://api.icndb.com/, Port: None, Schema: None, Login: None, Password: None, extra: {}
[2019-12-14 05:33:26,008] {logging_mixin.py:112} INFO - [2019-12-14 05:33:26,008] {http_hook.py:131} INFO - Sending 'GET' to url: https://api.icndb.com/jokes/random
[2019-12-14 05:33:26,332] {logging_mixin.py:112} WARNING - /home/brow1998/.local/lib/python3.7/site-packages/urllib3/connectionpool.py:847: InsecureRequestWarning: Unverified HTTPS request is being made. Adding certificate verification is strongly advised. See: https://urllib3.readthedocs.io/en/latest/advanced-usage.html#ssl-warnings
  InsecureRequestWarning)
[2019-12-14 05:33:26,772] {http_operator.py:94} INFO - { "type": "success", "value": { "id": 613, "joke": "Tornados occur when Chuck Norris sneezes.", "categories": [] } }
[2019-12-14 05:33:29,864] {logging_mixin.py:112} INFO - [2019-12-14 05:33:29,863] {local_task_job.py:124} WARNING - Time since last heartbeat(0.01 s) < heartrate(5.0 s), sleeping for 4.987264 s
[2019-12-14 05:33:34,857] {logging_mixin.py:112} INFO - [2019-12-14 05:33:34,856] {local_task_job.py:103} INFO - Task exited with return code 0
