[2019-12-14 05:37:14,333] {taskinstance.py:630} INFO - Dependencies all met for <TaskInstance: http_example_aifest.save_joke 2019-12-14T08:35:30.948244+00:00 [queued]>
[2019-12-14 05:37:14,350] {taskinstance.py:630} INFO - Dependencies all met for <TaskInstance: http_example_aifest.save_joke 2019-12-14T08:35:30.948244+00:00 [queued]>
[2019-12-14 05:37:14,350] {taskinstance.py:841} INFO - 
--------------------------------------------------------------------------------
[2019-12-14 05:37:14,350] {taskinstance.py:842} INFO - Starting attempt 1 of 1
[2019-12-14 05:37:14,350] {taskinstance.py:843} INFO - 
--------------------------------------------------------------------------------
[2019-12-14 05:37:14,455] {taskinstance.py:862} INFO - Executing <Task(PythonOperator): save_joke> on 2019-12-14T08:35:30.948244+00:00
[2019-12-14 05:37:14,456] {base_task_runner.py:133} INFO - Running: ['airflow', 'run', 'http_example_aifest', 'save_joke', '2019-12-14T08:35:30.948244+00:00', '--job_id', '11', '--pool', 'default_pool', '--raw', '-sd', 'DAGS_FOLDER/http_example.py', '--cfg_path', '/tmp/tmp3l27pscu']
[2019-12-14 05:37:14,791] {base_task_runner.py:115} INFO - Job 11: Subtask save_joke /home/brow1998/miniconda3/envs/airflow_aifest2019/lib/python3.7/site-packages/airflow/configuration.py:627: DeprecationWarning: You have two airflow.cfg files: /home/brow1998/airflow/airflow.cfg and /home/brow1998/projects/aifest2019/workshop_airflow/airflow.cfg. Airflow used to look at ~/airflow/airflow.cfg, even when AIRFLOW_HOME was set to a different value. Airflow will now only read /home/brow1998/projects/aifest2019/workshop_airflow/airflow.cfg, and you should remove the other file
[2019-12-14 05:37:14,791] {base_task_runner.py:115} INFO - Job 11: Subtask save_joke   category=DeprecationWarning,
[2019-12-14 05:37:15,306] {base_task_runner.py:115} INFO - Job 11: Subtask save_joke [2019-12-14 05:37:15,305] {__init__.py:51} INFO - Using executor SequentialExecutor
[2019-12-14 05:37:15,307] {base_task_runner.py:115} INFO - Job 11: Subtask save_joke [2019-12-14 05:37:15,306] {dagbag.py:92} INFO - Filling up the DagBag from /home/brow1998/projects/aifest2019/workshop_airflow/dags/http_example.py
[2019-12-14 05:37:15,342] {base_task_runner.py:115} INFO - Job 11: Subtask save_joke [2019-12-14 05:37:15,341] {cli.py:545} INFO - Running <TaskInstance: http_example_aifest.save_joke 2019-12-14T08:35:30.948244+00:00 [running]> on host info-note
[2019-12-14 05:37:15,349] {python_operator.py:105} INFO - Exporting the following env vars:
AIRFLOW_CTX_DAG_ID=http_example_aifest
AIRFLOW_CTX_TASK_ID=save_joke
AIRFLOW_CTX_EXECUTION_DATE=2019-12-14T08:35:30.948244+00:00
AIRFLOW_CTX_DAG_RUN_ID=manual__2019-12-14T08:35:30.948244+00:00
[2019-12-14 05:37:15,351] {python_operator.py:114} INFO - Done. Returned value was: OK!
[2019-12-14 05:37:19,216] {logging_mixin.py:112} INFO - [2019-12-14 05:37:19,215] {local_task_job.py:124} WARNING - Time since last heartbeat(0.01 s) < heartrate(5.0 s), sleeping for 4.986592 s
[2019-12-14 05:37:24,209] {logging_mixin.py:112} INFO - [2019-12-14 05:37:24,208] {local_task_job.py:103} INFO - Task exited with return code 0
